<?xml version="1.0" encoding="UTF-8"?>
<Site BuildName="(empty)"
	BuildStamp="20240823-2130-Experimental"
	Name="christopher-Nitro-ANV15-41"
	Generator="ctest-3.28.3"
	CompilerName="/usr/bin/c++"
	CompilerVersion="13.2.0"
	OSName="Linux"
	Hostname="christopher-Nitro-ANV15-41"
	OSRelease="6.8.0-41-generic"
	OSVersion="#41-Ubuntu SMP PREEMPT_DYNAMIC Fri Aug  2 20:41:06 UTC 2024"
	OSPlatform="x86_64"
	Is64Bits="1"
	VendorString="AuthenticAMD"
	VendorID="Advanced Micro Devices"
	FamilyID="25"
	ModelID="68"
	ProcessorCacheSize="512"
	NumberOfLogicalCPU="16"
	NumberOfPhysicalCPU="8"
	TotalVirtualMemory="16484"
	TotalPhysicalMemory="15289"
	LogicalProcessorsPerPhysical="2"
	ProcessorClockFrequency="2027.47"
	>
	<Testing>
		<StartDateTime>Aug 23 16:30 -05</StartDateTime>
		<StartTestTime>1724448624</StartTestTime>
		<TestList/>
		<EndDateTime>Aug 23 16:30 -05</EndDateTime>
		<EndTestTime>1724448624</EndTestTime>
		<ElapsedMinutes>0</ElapsedMinutes>
	</Testing>
</Site>
